  [1m[36mSQL (29.2ms)[0m  [1m SELECT name
 FROM sqlite_master
 WHERE type = 'table' AND NOT name = 'sqlite_sequence'
[0m
  [1m[35mSQL (0.1ms)[0m  select sqlite_version(*)
  [1m[36mSQL (159.1ms)[0m  [1mCREATE TABLE "schema_migrations" ("version" varchar(255) NOT NULL) [0m
  [1m[35mSQL (0.0ms)[0m  PRAGMA index_list("schema_migrations")
  [1m[36mSQL (158.7ms)[0m  [1mCREATE UNIQUE INDEX "unique_schema_migrations" ON "schema_migrations" ("version")[0m
  [1m[35mSQL (0.1ms)[0m   SELECT name
 FROM sqlite_master
 WHERE type = 'table' AND NOT name = 'sqlite_sequence'
  [1m[36mSQL (0.2ms)[0m  [1mselect sqlite_version(*)[0m
  [1m[35mSQL (0.1ms)[0m   SELECT name
 FROM sqlite_master
 WHERE type = 'table' AND NOT name = 'sqlite_sequence'
  [1m[36mSQL (0.1ms)[0m  [1m SELECT name
 FROM sqlite_master
 WHERE type = 'table' AND NOT name = 'sqlite_sequence'
[0m
  [1m[35mSQL (0.1ms)[0m  SELECT "schema_migrations"."version" FROM "schema_migrations"
  [1m[36mSQL (0.1ms)[0m  [1m SELECT name
 FROM sqlite_master
 WHERE type = 'table' AND NOT name = 'sqlite_sequence'
[0m
DEPRECATION WARNING: config.action_view.debug_rjs will be removed in 3.1, from 3.1 onwards you will need to install prototype-rails to continue to use RJS templates . (called from service at /usr/lib/ruby/1.9.1/webrick/httpserver.rb:138)
  [1m[36mSQL (0.3ms)[0m  [1m SELECT name
 FROM sqlite_master
 WHERE type = 'table' AND NOT name = 'sqlite_sequence'
[0m
  [1m[35mSQL (0.1ms)[0m   SELECT name
 FROM sqlite_master
 WHERE type = 'table' AND NOT name = 'sqlite_sequence'
  [1m[36mSQL (0.1ms)[0m  [1mSELECT "schema_migrations"."version" FROM "schema_migrations"[0m
Migrating to CreateCpuEaters (20130812103827)
  [1m[35mSQL (0.0ms)[0m  select sqlite_version(*)
  [1m[36mSQL (0.5ms)[0m  [1mCREATE TABLE "cpu_eaters" ("id" INTEGER PRIMARY KEY AUTOINCREMENT NOT NULL, "pclk" integer DEFAULT 0, "dclk" integer DEFAULT 0, "aclk" integer DEFAULT 0, "m2_vmain" decimal DEFAULT 0, "c2_m0_vmain" decimal DEFAULT 0, "one_core" decimal DEFAULT 0, "dual_core" decimal DEFAULT 0, "tri_core" decimal DEFAULT 0, "four_core" decimal DEFAULT 0, "created_at" datetime, "updated_at" datetime) [0m
  [1m[35mSQL (0.1ms)[0m  INSERT INTO "schema_migrations" ("version") VALUES ('20130812103827')
  [1m[36mSQL (0.2ms)[0m  [1mselect sqlite_version(*)[0m
  [1m[35mSQL (0.1ms)[0m   SELECT name
 FROM sqlite_master
 WHERE type = 'table' AND NOT name = 'sqlite_sequence'
  [1m[36mSQL (0.1ms)[0m  [1mSELECT "schema_migrations"."version" FROM "schema_migrations"[0m
  [1m[35mSQL (0.1ms)[0m   SELECT name
 FROM sqlite_master
 WHERE type = 'table' AND NOT name = 'sqlite_sequence'
  [1m[36mSQL (0.0ms)[0m  [1mPRAGMA index_list("cpu_eaters")[0m
DEPRECATION WARNING: config.action_view.debug_rjs will be removed in 3.1, from 3.1 onwards you will need to install prototype-rails to continue to use RJS templates . (called from service at /usr/lib/ruby/1.9.1/webrick/httpserver.rb:138)


Started GET "/cpu_eater" for 127.0.0.1 at 2013-08-12 18:41:13 +0800

ActionController::RoutingError (No route matches "/cpu_eater"):
  

Rendered /usr/lib/ruby/gems/1.9.1/gems/actionpack-3.0.11/lib/action_dispatch/middleware/templates/rescues/routing_error.erb within rescues/layout (0.9ms)


Started GET "/cpu_eaters" for 127.0.0.1 at 2013-08-12 18:41:15 +0800
  Processing by CpuEatersController#index as HTML
  [1m[36mCpuEater Load (0.4ms)[0m  [1mSELECT "cpu_eaters".* FROM "cpu_eaters"[0m
Rendered cpu_eaters/index.html.erb within layouts/application (2.7ms)
Completed 200 OK in 68ms (Views: 5.6ms | ActiveRecord: 0.4ms)
  [1m[36mSQL (0.4ms)[0m  [1m SELECT name
 FROM sqlite_master
 WHERE type = 'table' AND NOT name = 'sqlite_sequence'
[0m
  [1m[35mSQL (0.1ms)[0m   SELECT name
 FROM sqlite_master
 WHERE type = 'table' AND NOT name = 'sqlite_sequence'
  [1m[36mSQL (0.1ms)[0m  [1mSELECT "schema_migrations"."version" FROM "schema_migrations"[0m
Migrating to CreateCpuEaters (20130812103827)
Migrating to AddRecnameToCpuEater (20130812105856)
  [1m[35mSQL (0.0ms)[0m  select sqlite_version(*)
  [1m[36mSQL (0.4ms)[0m  [1mALTER TABLE "cpu_eaters" ADD "recname" varchar(255)[0m
  [1m[35mSQL (0.1ms)[0m  INSERT INTO "schema_migrations" ("version") VALUES ('20130812105856')
  [1m[36mSQL (0.2ms)[0m  [1mselect sqlite_version(*)[0m
  [1m[35mSQL (0.1ms)[0m   SELECT name
 FROM sqlite_master
 WHERE type = 'table' AND NOT name = 'sqlite_sequence'
  [1m[36mSQL (0.1ms)[0m  [1mSELECT "schema_migrations"."version" FROM "schema_migrations"[0m
  [1m[35mSQL (0.1ms)[0m   SELECT name
 FROM sqlite_master
 WHERE type = 'table' AND NOT name = 'sqlite_sequence'
  [1m[36mSQL (0.0ms)[0m  [1mPRAGMA index_list("cpu_eaters")[0m


Started GET "/cpu_eaters" for 127.0.0.1 at 2013-08-12 18:59:23 +0800
  Processing by CpuEatersController#index as HTML
  [1m[35mCpuEater Load (0.3ms)[0m  SELECT "cpu_eaters".* FROM "cpu_eaters"
Rendered cpu_eaters/index.html.erb within layouts/application (2.9ms)
Completed 200 OK in 8ms (Views: 5.4ms | ActiveRecord: 0.3ms)


Started GET "/cpu_eaters" for 127.0.0.1 at 2013-08-12 18:59:24 +0800
  Processing by CpuEatersController#index as HTML
  [1m[36mCpuEater Load (0.4ms)[0m  [1mSELECT "cpu_eaters".* FROM "cpu_eaters"[0m
Rendered cpu_eaters/index.html.erb within layouts/application (2.8ms)
Completed 200 OK in 8ms (Views: 5.3ms | ActiveRecord: 0.4ms)


Started GET "/cpu_eaters" for 127.0.0.1 at 2013-08-12 18:59:25 +0800
  Processing by CpuEatersController#index as HTML
  [1m[35mCpuEater Load (0.4ms)[0m  SELECT "cpu_eaters".* FROM "cpu_eaters"
Rendered cpu_eaters/index.html.erb within layouts/application (3.2ms)
Completed 200 OK in 9ms (Views: 6.0ms | ActiveRecord: 0.4ms)


Started GET "/cpu_eaters" for 127.0.0.1 at 2013-08-12 18:59:26 +0800
  Processing by CpuEatersController#index as HTML
  [1m[36mCpuEater Load (0.3ms)[0m  [1mSELECT "cpu_eaters".* FROM "cpu_eaters"[0m
Rendered cpu_eaters/index.html.erb within layouts/application (3.0ms)
Completed 200 OK in 8ms (Views: 5.7ms | ActiveRecord: 0.3ms)


Started GET "/cpu_eaters" for 127.0.0.1 at 2013-08-12 18:59:26 +0800
  Processing by CpuEatersController#index as HTML
  [1m[35mCpuEater Load (0.3ms)[0m  SELECT "cpu_eaters".* FROM "cpu_eaters"
Rendered cpu_eaters/index.html.erb within layouts/application (3.0ms)
Completed 200 OK in 11ms (Views: 7.2ms | ActiveRecord: 0.3ms)


Started GET "/cpu_eaters" for 127.0.0.1 at 2013-08-12 18:59:28 +0800
  Processing by CpuEatersController#index as HTML
  [1m[36mCpuEater Load (0.3ms)[0m  [1mSELECT "cpu_eaters".* FROM "cpu_eaters"[0m
Rendered cpu_eaters/index.html.erb within layouts/application (3.0ms)
Completed 200 OK in 8ms (Views: 5.6ms | ActiveRecord: 0.3ms)
DEPRECATION WARNING: config.action_view.debug_rjs will be removed in 3.1, from 3.1 onwards you will need to install prototype-rails to continue to use RJS templates . (called from service at /usr/lib/ruby/1.9.1/webrick/httpserver.rb:138)


Started GET "/cpu_eaters" for 127.0.0.1 at 2013-08-12 18:59:41 +0800
  Processing by CpuEatersController#index as HTML
  [1m[36mCpuEater Load (0.4ms)[0m  [1mSELECT "cpu_eaters".* FROM "cpu_eaters"[0m
Rendered cpu_eaters/index.html.erb within layouts/application (2.7ms)
Completed 200 OK in 38ms (Views: 5.2ms | ActiveRecord: 0.4ms)


Started GET "/cpu_eaters" for 127.0.0.1 at 2013-08-12 18:59:41 +0800
  Processing by CpuEatersController#index as HTML
  [1m[35mCpuEater Load (0.2ms)[0m  SELECT "cpu_eaters".* FROM "cpu_eaters"
Rendered cpu_eaters/index.html.erb within layouts/application (3.3ms)
Completed 200 OK in 8ms (Views: 5.9ms | ActiveRecord: 0.2ms)


Started GET "/cpu_eaters/new" for 127.0.0.1 at 2013-08-12 19:00:39 +0800
  Processing by CpuEatersController#new as HTML
Rendered cpu_eaters/_form.html.erb (85.3ms)
Rendered cpu_eaters/new.html.erb within layouts/application (88.9ms)
Completed 200 OK in 95ms (Views: 91.6ms | ActiveRecord: 0.0ms)


Started GET "/cpu_eaters" for 127.0.0.1 at 2013-08-12 19:00:47 +0800
  Processing by CpuEatersController#index as HTML
  [1m[36mCpuEater Load (0.3ms)[0m  [1mSELECT "cpu_eaters".* FROM "cpu_eaters"[0m
Rendered cpu_eaters/index.html.erb within layouts/application (3.6ms)
Completed 200 OK in 9ms (Views: 6.6ms | ActiveRecord: 0.3ms)


Started GET "/cpu_eaters" for 127.0.0.1 at 2013-08-12 19:01:56 +0800
  Processing by CpuEatersController#index as HTML
  [1m[35mCpuEater Load (0.4ms)[0m  SELECT "cpu_eaters".* FROM "cpu_eaters"
Rendered cpu_eaters/index.html.erb within layouts/application (3.1ms)
Completed 200 OK in 8ms (Views: 6.0ms | ActiveRecord: 0.4ms)


Started GET "/cpu_eaters" for 127.0.0.1 at 2013-08-12 19:01:57 +0800
  Processing by CpuEatersController#index as HTML
  [1m[36mCpuEater Load (0.3ms)[0m  [1mSELECT "cpu_eaters".* FROM "cpu_eaters"[0m
Rendered cpu_eaters/index.html.erb within layouts/application (2.9ms)
Completed 200 OK in 8ms (Views: 5.7ms | ActiveRecord: 0.3ms)


Started GET "/cpu_eaters" for 127.0.0.1 at 2013-08-12 19:02:24 +0800
  Processing by CpuEatersController#index as HTML
  [1m[35mCpuEater Load (0.3ms)[0m  SELECT "cpu_eaters".* FROM "cpu_eaters"
Rendered cpu_eaters/index.html.erb within layouts/application (3.1ms)
Completed 200 OK in 8ms (Views: 5.6ms | ActiveRecord: 0.3ms)


Started GET "/cpu_eaters/new" for 127.0.0.1 at 2013-08-12 19:02:26 +0800
  Processing by CpuEatersController#new as HTML
Rendered cpu_eaters/_form.html.erb (14.4ms)
Rendered cpu_eaters/new.html.erb within layouts/application (17.6ms)
Completed 200 OK in 23ms (Views: 20.0ms | ActiveRecord: 0.0ms)


Started GET "/cpu_eaters" for 127.0.0.1 at 2013-08-12 19:03:13 +0800
  Processing by CpuEatersController#index as HTML
  [1m[36mCpuEater Load (0.3ms)[0m  [1mSELECT "cpu_eaters".* FROM "cpu_eaters"[0m
Rendered cpu_eaters/index.html.erb within layouts/application (3.2ms)
Completed 200 OK in 8ms (Views: 5.8ms | ActiveRecord: 0.3ms)


Started GET "/cpu_eaters/new" for 127.0.0.1 at 2013-08-12 19:03:14 +0800
  Processing by CpuEatersController#new as HTML
Rendered cpu_eaters/_form.html.erb (14.4ms)
Rendered cpu_eaters/new.html.erb within layouts/application (37.8ms)
Completed 200 OK in 43ms (Views: 40.3ms | ActiveRecord: 0.0ms)


Started POST "/cpu_eaters" for 127.0.0.1 at 2013-08-12 19:03:23 +0800
  Processing by CpuEatersController#create as HTML
  Parameters: {"utf8"=>"✓", "authenticity_token"=>"YrOUYXp+4da60JonafkhTrvm8Y4bEY/ZbZkVDIKydkc=", "cpu_eater"=>{"recname"=>"fwu_test", "pclk"=>"0", "dclk"=>"0", "aclk"=>"0", "m2_vmain"=>"0.0", "c2_m0_vmain"=>"0.0", "one_core"=>"0.0", "dual_core"=>"0.0", "tri_core"=>"0.0", "four_core"=>"0.0"}, "commit"=>"Create Cpu eater"}
  [1m[35mSQL (0.1ms)[0m   SELECT name
 FROM sqlite_master
 WHERE type = 'table' AND NOT name = 'sqlite_sequence'
  [1m[36mAREL (0.2ms)[0m  [1mINSERT INTO "cpu_eaters" ("pclk", "dclk", "aclk", "m2_vmain", "c2_m0_vmain", "one_core", "dual_core", "tri_core", "four_core", "created_at", "updated_at", "recname") VALUES (0, 0, 0, 0.0, 0.0, 0.0, 0.0, 0.0, 0.0, '2013-08-12 11:03:23.575168', '2013-08-12 11:03:23.575168', 'fwu_test')[0m
Redirected to http://0.0.0.0:3000/cpu_eaters/1
Completed 302 Found in 246ms


Started GET "/cpu_eaters/1" for 127.0.0.1 at 2013-08-12 19:03:23 +0800
  Processing by CpuEatersController#show as HTML
  Parameters: {"id"=>"1"}
  [1m[35mCpuEater Load (0.5ms)[0m  SELECT "cpu_eaters".* FROM "cpu_eaters" WHERE "cpu_eaters"."id" = 1 LIMIT 1
Rendered cpu_eaters/show.html.erb within layouts/application (12.4ms)
Completed 200 OK in 39ms (Views: 15.0ms | ActiveRecord: 0.5ms)


Started GET "/cpu_eaters" for 127.0.0.1 at 2013-08-12 19:03:26 +0800
  Processing by CpuEatersController#index as HTML
  [1m[36mCpuEater Load (0.3ms)[0m  [1mSELECT "cpu_eaters".* FROM "cpu_eaters"[0m
Rendered cpu_eaters/index.html.erb within layouts/application (40.2ms)
Completed 500 Internal Server Error in 46ms

ActionView::Template::Error (undefined method `recne' for #<CpuEater:0x007f23c08cf858>):
    19: 
    20: <% @cpu_eaters.each do |cpu_eater| %>
    21:   <tr>
    22:     <td><%= cpu_eater.recne%></td>
    23:     <td><%= cpu_eater.pclk %></td>
    24:     <td><%= cpu_eater.dclk %></td>
    25:     <td><%= cpu_eater.aclk %></td>
  app/views/cpu_eaters/index.html.erb:22:in `block in _app_views_cpu_eaters_index_html_erb__3489707291723988914_69895765544780_969249292816144806'
  app/views/cpu_eaters/index.html.erb:20:in `each'
  app/views/cpu_eaters/index.html.erb:20:in `_app_views_cpu_eaters_index_html_erb__3489707291723988914_69895765544780_969249292816144806'
  app/controllers/cpu_eaters_controller.rb:7:in `index'

Rendered /usr/lib/ruby/gems/1.9.1/gems/actionpack-3.0.11/lib/action_dispatch/middleware/templates/rescues/_trace.erb (1.2ms)
Rendered /usr/lib/ruby/gems/1.9.1/gems/actionpack-3.0.11/lib/action_dispatch/middleware/templates/rescues/_request_and_response.erb (2.6ms)
Rendered /usr/lib/ruby/gems/1.9.1/gems/actionpack-3.0.11/lib/action_dispatch/middleware/templates/rescues/template_error.erb within rescues/layout (8.7ms)


Started GET "/cpu_eaters" for 127.0.0.1 at 2013-08-12 19:03:34 +0800
  Processing by CpuEatersController#index as HTML
  [1m[35mCpuEater Load (0.4ms)[0m  SELECT "cpu_eaters".* FROM "cpu_eaters"
Rendered cpu_eaters/index.html.erb within layouts/application (15.9ms)
Completed 200 OK in 21ms (Views: 18.7ms | ActiveRecord: 0.8ms)


Started GET "/cpu_eaters" for 127.0.0.1 at 2013-08-12 19:04:44 +0800
  Processing by CpuEatersController#index as HTML
  [1m[36mCpuEater Load (0.5ms)[0m  [1mSELECT "cpu_eaters".* FROM "cpu_eaters"[0m
Rendered cpu_eaters/index.html.erb within layouts/application (14.3ms)
Completed 200 OK in 21ms (Views: 17.0ms | ActiveRecord: 0.5ms)


Started GET "/cpu_eaters" for 127.0.0.1 at 2013-08-12 19:04:52 +0800
  Processing by CpuEatersController#index as HTML
  [1m[35mCpuEater Load (0.4ms)[0m  SELECT "cpu_eaters".* FROM "cpu_eaters"
Rendered cpu_eaters/index.html.erb within layouts/application (15.3ms)
Completed 200 OK in 21ms (Views: 18.1ms | ActiveRecord: 0.4ms)


Started GET "/cpu_eaters" for 127.0.0.1 at 2013-08-12 19:06:22 +0800
  Processing by CpuEatersController#index as HTML
  [1m[36mCpuEater Load (0.4ms)[0m  [1mSELECT "cpu_eaters".* FROM "cpu_eaters"[0m
Rendered cpu_eaters/index.html.erb within layouts/application (14.0ms)
Completed 200 OK in 20ms (Views: 17.5ms | ActiveRecord: 0.4ms)


Started GET "/cpu_eaters" for 127.0.0.1 at 2013-08-12 19:06:52 +0800
  Processing by CpuEatersController#index as HTML
  [1m[35mCpuEater Load (0.4ms)[0m  SELECT "cpu_eaters".* FROM "cpu_eaters"
Rendered cpu_eaters/index.html.erb within layouts/application (41.2ms)
Completed 200 OK in 47ms (Views: 43.8ms | ActiveRecord: 0.4ms)


Started GET "/cpu_eaters" for 127.0.0.1 at 2013-08-12 19:07:04 +0800
  Processing by CpuEatersController#index as HTML
  [1m[36mCpuEater Load (0.4ms)[0m  [1mSELECT "cpu_eaters".* FROM "cpu_eaters"[0m
Rendered cpu_eaters/index.html.erb within layouts/application (14.4ms)
Completed 200 OK in 20ms (Views: 17.2ms | ActiveRecord: 0.4ms)


Started GET "/cpu_eaters" for 127.0.0.1 at 2013-08-12 19:13:15 +0800
  Processing by CpuEatersController#index as HTML
  [1m[35mCpuEater Load (0.3ms)[0m  SELECT "cpu_eaters".* FROM "cpu_eaters"
Rendered cpu_eaters/index.html.erb within layouts/application (37.4ms)
Completed 500 Internal Server Error in 47ms

ActionView::Template::Error (undefined local variable or method `continue' for #<#<Class:0x007f23c09d3ee8>:0x007f23c09da310>):
    19: 
    20: <% @cpu_eaters.each do |cpu_eater| %>
    21:   <% if cpu_eater.recname != "fwu"%>
    22:   	<% continue %>
    23:   <% end %>
    24:   <tr>
    25:     <td><%= cpu_eater.recname%></td>
  app/views/cpu_eaters/index.html.erb:22:in `block in _app_views_cpu_eaters_index_html_erb__3489707291723988914_69895766066980_969249292816144806'
  app/views/cpu_eaters/index.html.erb:20:in `each'
  app/views/cpu_eaters/index.html.erb:20:in `_app_views_cpu_eaters_index_html_erb__3489707291723988914_69895766066980_969249292816144806'
  app/controllers/cpu_eaters_controller.rb:7:in `index'

Rendered /usr/lib/ruby/gems/1.9.1/gems/actionpack-3.0.11/lib/action_dispatch/middleware/templates/rescues/_trace.erb (1.3ms)
Rendered /usr/lib/ruby/gems/1.9.1/gems/actionpack-3.0.11/lib/action_dispatch/middleware/templates/rescues/_request_and_response.erb (2.6ms)
Rendered /usr/lib/ruby/gems/1.9.1/gems/actionpack-3.0.11/lib/action_dispatch/middleware/templates/rescues/template_error.erb within rescues/layout (12.1ms)


Started GET "/cpu_eaters" for 127.0.0.1 at 2013-08-12 19:14:49 +0800
  Processing by CpuEatersController#index as HTML
  [1m[36mCpuEater Load (0.4ms)[0m  [1mSELECT "cpu_eaters".* FROM "cpu_eaters"[0m
Rendered cpu_eaters/index.html.erb within layouts/application (12.3ms)
Completed 200 OK in 18ms (Views: 15.0ms | ActiveRecord: 0.4ms)


Started GET "/cpu_eaters" for 127.0.0.1 at 2013-08-12 19:14:51 +0800
  Processing by CpuEatersController#index as HTML
  [1m[35mCpuEater Load (0.3ms)[0m  SELECT "cpu_eaters".* FROM "cpu_eaters"
Rendered cpu_eaters/index.html.erb within layouts/application (12.5ms)
Completed 200 OK in 17ms (Views: 15.1ms | ActiveRecord: 0.3ms)


Started GET "/cpu_eaters" for 127.0.0.1 at 2013-08-12 19:15:03 +0800
  Processing by CpuEatersController#index as HTML
  [1m[36mCpuEater Load (0.3ms)[0m  [1mSELECT "cpu_eaters".* FROM "cpu_eaters"[0m
Rendered cpu_eaters/index.html.erb within layouts/application (14.5ms)
Completed 200 OK in 20ms (Views: 17.3ms | ActiveRecord: 0.3ms)


Started GET "/cpu_eaters" for 127.0.0.1 at 2013-08-12 19:16:31 +0800
  Processing by CpuEatersController#index as HTML
  [1m[35mCpuEater Load (0.3ms)[0m  SELECT "cpu_eaters".* FROM "cpu_eaters"
Rendered cpu_eaters/index.html.erb within layouts/application (14.6ms)
Completed 200 OK in 19ms (Views: 17.1ms | ActiveRecord: 0.3ms)


Started GET "/cpu_eaters" for 127.0.0.1 at 2013-08-12 19:16:32 +0800
  Processing by CpuEatersController#index as HTML
  [1m[36mCpuEater Load (0.4ms)[0m  [1mSELECT "cpu_eaters".* FROM "cpu_eaters"[0m
Rendered cpu_eaters/index.html.erb within layouts/application (13.5ms)
Completed 200 OK in 18ms (Views: 16.0ms | ActiveRecord: 0.4ms)


Started GET "/cpu_eaters" for 127.0.0.1 at 2013-08-12 19:16:33 +0800
  Processing by CpuEatersController#index as HTML
  [1m[35mCpuEater Load (0.4ms)[0m  SELECT "cpu_eaters".* FROM "cpu_eaters"
Rendered cpu_eaters/index.html.erb within layouts/application (34.5ms)
Completed 200 OK in 39ms (Views: 37.0ms | ActiveRecord: 0.4ms)


Started GET "/cpu_eaters/new" for 127.0.0.1 at 2013-08-12 19:16:35 +0800
  Processing by CpuEatersController#new as HTML
Rendered cpu_eaters/_form.html.erb (14.9ms)
Rendered cpu_eaters/new.html.erb within layouts/application (18.0ms)
Completed 200 OK in 24ms (Views: 20.6ms | ActiveRecord: 0.0ms)


Started POST "/cpu_eaters" for 127.0.0.1 at 2013-08-12 19:16:40 +0800
  Processing by CpuEatersController#create as HTML
  Parameters: {"utf8"=>"✓", "authenticity_token"=>"YrOUYXp+4da60JonafkhTrvm8Y4bEY/ZbZkVDIKydkc=", "cpu_eater"=>{"recname"=>"fwu", "pclk"=>"0", "dclk"=>"0", "aclk"=>"0", "m2_vmain"=>"0.0", "c2_m0_vmain"=>"0.0", "one_core"=>"0.0", "dual_core"=>"0.0", "tri_core"=>"0.0", "four_core"=>"0.0"}, "commit"=>"Create Cpu eater"}
  [1m[36mAREL (0.2ms)[0m  [1mINSERT INTO "cpu_eaters" ("pclk", "dclk", "aclk", "m2_vmain", "c2_m0_vmain", "one_core", "dual_core", "tri_core", "four_core", "created_at", "updated_at", "recname") VALUES (0, 0, 0, 0.0, 0.0, 0.0, 0.0, 0.0, 0.0, '2013-08-12 11:16:40.870553', '2013-08-12 11:16:40.870553', 'fwu')[0m
Redirected to http://0.0.0.0:3000/cpu_eaters/2
Completed 302 Found in 222ms


Started GET "/cpu_eaters/2" for 127.0.0.1 at 2013-08-12 19:16:41 +0800
  Processing by CpuEatersController#show as HTML
  Parameters: {"id"=>"2"}
  [1m[35mCpuEater Load (0.2ms)[0m  SELECT "cpu_eaters".* FROM "cpu_eaters" WHERE "cpu_eaters"."id" = 2 LIMIT 1
Rendered cpu_eaters/show.html.erb within layouts/application (12.9ms)
Completed 200 OK in 20ms (Views: 15.5ms | ActiveRecord: 0.4ms)


Started GET "/cpu_eaters" for 127.0.0.1 at 2013-08-12 19:16:42 +0800
  Processing by CpuEatersController#index as HTML
  [1m[36mCpuEater Load (0.4ms)[0m  [1mSELECT "cpu_eaters".* FROM "cpu_eaters"[0m
Rendered cpu_eaters/index.html.erb within layouts/application (13.3ms)
Completed 200 OK in 39ms (Views: 15.8ms | ActiveRecord: 0.4ms)


Started GET "/cpu_eaters/1/edit" for 127.0.0.1 at 2013-08-12 19:17:05 +0800
  Processing by CpuEatersController#edit as HTML
  Parameters: {"id"=>"1"}
  [1m[35mCpuEater Load (0.2ms)[0m  SELECT "cpu_eaters".* FROM "cpu_eaters" WHERE "cpu_eaters"."id" = 1 LIMIT 1
Rendered cpu_eaters/_form.html.erb (17.7ms)
Rendered cpu_eaters/edit.html.erb within layouts/application (21.4ms)
Completed 200 OK in 28ms (Views: 24.2ms | ActiveRecord: 0.2ms)
  [1m[36mSQL (0.6ms)[0m  [1m SELECT name
 FROM sqlite_master
 WHERE type = 'table' AND NOT name = 'sqlite_sequence'
[0m
  [1m[35mSQL (0.2ms)[0m   SELECT name
 FROM sqlite_master
 WHERE type = 'table' AND NOT name = 'sqlite_sequence'
  [1m[36mSQL (0.1ms)[0m  [1mSELECT "schema_migrations"."version" FROM "schema_migrations"[0m
Migrating to CreateCpuEaters (20130812103827)
Migrating to AddRecnameToCpuEater (20130812105856)
  [1m[35mSQL (0.4ms)[0m  select sqlite_version(*)
  [1m[36mSQL (0.1ms)[0m  [1m SELECT name
 FROM sqlite_master
 WHERE type = 'table' AND NOT name = 'sqlite_sequence'
[0m
  [1m[35mSQL (0.1ms)[0m  SELECT "schema_migrations"."version" FROM "schema_migrations"
  [1m[36mSQL (0.1ms)[0m  [1m SELECT name
 FROM sqlite_master
 WHERE type = 'table' AND NOT name = 'sqlite_sequence'
[0m
  [1m[35mSQL (0.1ms)[0m  PRAGMA index_list("cpu_eaters")
DEPRECATION WARNING: config.action_view.debug_rjs will be removed in 3.1, from 3.1 onwards you will need to install prototype-rails to continue to use RJS templates . (called from service at /home/fwu/.rvm/rubies/ruby-1.9.3-p448/lib/ruby/1.9.1/webrick/httpserver.rb:138)


Started GET "/cpu_eater" for 127.0.0.1 at 2013-08-12 20:38:28 +0800

ActionController::RoutingError (No route matches "/cpu_eater"):
  

Rendered /home/fwu/.rvm/gems/ruby-1.9.3-p448/gems/actionpack-3.0.11/lib/action_dispatch/middleware/templates/rescues/routing_error.erb within rescues/layout (1.5ms)


Started GET "/cpu_eaters" for 127.0.0.1 at 2013-08-12 20:38:30 +0800
  Processing by CpuEatersController#index as HTML
  [1m[36mCpuEater Load (0.8ms)[0m  [1mSELECT "cpu_eaters".* FROM "cpu_eaters"[0m
Rendered cpu_eaters/index.html.erb within layouts/application (24.5ms)
Completed 200 OK in 198ms (Views: 29.2ms | ActiveRecord: 0.8ms)
  [1m[36mSQL (0.6ms)[0m  [1m SELECT name
 FROM sqlite_master
 WHERE type = 'table' AND NOT name = 'sqlite_sequence'
[0m
  [1m[35mSQL (0.2ms)[0m   SELECT name
 FROM sqlite_master
 WHERE type = 'table' AND NOT name = 'sqlite_sequence'
  [1m[36mSQL (0.2ms)[0m  [1mSELECT "schema_migrations"."version" FROM "schema_migrations"[0m
Migrating to CreateCpuEaters (20130812103827)
Migrating to AddRecnameToCpuEater (20130812105856)
Migrating to CreateCodaDros (20130812131712)
  [1m[35mSQL (0.1ms)[0m  select sqlite_version(*)
  [1m[36mSQL (0.6ms)[0m  [1mCREATE TABLE "coda_dros" ("id" INTEGER PRIMARY KEY AUTOINCREMENT NOT NULL, "chip_dro" integer, "cpu_freq" integer, "vmain_volt" decimal, "fclk" integer, "aclk" integer, "vmain_avg" decimal, "vmain_peak" decimal, "created_at" datetime, "updated_at" datetime) [0m
  [1m[35mSQL (0.1ms)[0m  INSERT INTO "schema_migrations" ("version") VALUES ('20130812131712')
  [1m[36mSQL (0.4ms)[0m  [1mselect sqlite_version(*)[0m
  [1m[35mSQL (0.2ms)[0m   SELECT name
 FROM sqlite_master
 WHERE type = 'table' AND NOT name = 'sqlite_sequence'
  [1m[36mSQL (0.1ms)[0m  [1mSELECT "schema_migrations"."version" FROM "schema_migrations"[0m
  [1m[35mSQL (0.1ms)[0m   SELECT name
 FROM sqlite_master
 WHERE type = 'table' AND NOT name = 'sqlite_sequence'
  [1m[36mSQL (0.1ms)[0m  [1mPRAGMA index_list("coda_dros")[0m
  [1m[35mSQL (0.1ms)[0m  PRAGMA index_list("cpu_eaters")


Started GET "/cpu_eaters" for 127.0.0.1 at 2013-08-12 21:17:31 +0800
  Processing by CpuEatersController#index as HTML
  [1m[35mCpuEater Load (0.7ms)[0m  SELECT "cpu_eaters".* FROM "cpu_eaters"
Rendered cpu_eaters/index.html.erb within layouts/application (22.6ms)
Completed 200 OK in 32ms (Views: 27.5ms | ActiveRecord: 0.7ms)


Started GET "/coda_dro" for 127.0.0.1 at 2013-08-12 21:17:39 +0800

ActionController::RoutingError (No route matches "/coda_dro"):
  

Rendered /home/fwu/.rvm/gems/ruby-1.9.3-p448/gems/actionpack-3.0.11/lib/action_dispatch/middleware/templates/rescues/routing_error.erb within rescues/layout (1.4ms)


Started GET "/coda_dros" for 127.0.0.1 at 2013-08-12 21:17:42 +0800
  Processing by CodaDrosController#index as HTML
  [1m[36mCodaDro Load (0.6ms)[0m  [1mSELECT "coda_dros".* FROM "coda_dros"[0m
Rendered coda_dros/index.html.erb within layouts/application (5.8ms)
Completed 200 OK in 15ms (Views: 10.9ms | ActiveRecord: 0.6ms)


Started GET "/coda_dros/new" for 127.0.0.1 at 2013-08-12 21:17:52 +0800
  Processing by CodaDrosController#new as HTML
Rendered coda_dros/_form.html.erb (52.8ms)
Rendered coda_dros/new.html.erb within layouts/application (58.4ms)
Completed 200 OK in 71ms (Views: 63.1ms | ActiveRecord: 0.0ms)
  [1m[36mSQL (0.7ms)[0m  [1m SELECT name
 FROM sqlite_master
 WHERE type = 'table' AND NOT name = 'sqlite_sequence'
[0m
  [1m[35mSQL (0.2ms)[0m   SELECT name
 FROM sqlite_master
 WHERE type = 'table' AND NOT name = 'sqlite_sequence'
  [1m[36mSQL (0.2ms)[0m  [1mSELECT "schema_migrations"."version" FROM "schema_migrations"[0m
Migrating to CreateCpuEaters (20130812103827)
Migrating to AddRecnameToCpuEater (20130812105856)
Migrating to CreateCodaDros (20130812131712)
Migrating to CreateBareStarts (20130812152338)
  [1m[35mSQL (0.1ms)[0m  select sqlite_version(*)
  [1m[36mSQL (0.5ms)[0m  [1mCREATE TABLE "bare_starts" ("id" INTEGER PRIMARY KEY AUTOINCREMENT NOT NULL, "rev_date" varchar(255), "rev_note" text, "author" varchar(255), "created_at" datetime, "updated_at" datetime) [0m
  [1m[35mSQL (0.2ms)[0m  INSERT INTO "schema_migrations" ("version") VALUES ('20130812152338')
  [1m[36mSQL (0.8ms)[0m  [1mselect sqlite_version(*)[0m
  [1m[35mSQL (0.4ms)[0m   SELECT name
 FROM sqlite_master
 WHERE type = 'table' AND NOT name = 'sqlite_sequence'
  [1m[36mSQL (0.2ms)[0m  [1mSELECT "schema_migrations"."version" FROM "schema_migrations"[0m
  [1m[35mSQL (0.2ms)[0m   SELECT name
 FROM sqlite_master
 WHERE type = 'table' AND NOT name = 'sqlite_sequence'
  [1m[36mSQL (0.0ms)[0m  [1mPRAGMA index_list("bare_starts")[0m
  [1m[35mSQL (0.1ms)[0m  PRAGMA index_list("coda_dros")
  [1m[36mSQL (0.0ms)[0m  [1mPRAGMA index_list("cpu_eaters")[0m
